[10-Apr-2018 15:03:12 PRC] PHP Fatal error:  Uncaught think\exception\ErrorException: filesize(): stat failed for /website/iot/centerserver/logs/application.log in /website/iot/vendor/matyhtf/swoole_framework/libs/Swoole/Log/FileLog.php:167
Stack trace:
#0 [internal function]: think\Error::appError(2, 'filesize(): sta...', '/website/iot/ve...', 167, Array)
#1 /website/iot/vendor/matyhtf/swoole_framework/libs/Swoole/Log/FileLog.php(167): filesize('/website/iot/ce...')
#2 /website/iot/centerserver/Lib/Flog.php(37): Swoole\Log\FileLog->flush()
#3 /website/iot/centerserver/Lib/CenterServer.php(140): Lib\Flog::flush()
#4 /website/iot/vendor/matyhtf/swoole_framework/libs/Swoole/Protocol/RPCServer.php(153): Lib\CenterServer->call(Array, Array)
#5 {main}
  thrown in /website/iot/vendor/matyhtf/swoole_framework/libs/Swoole/Log/FileLog.php on line 167
[10-Apr-2018 15:03:12 PRC] PHP Stack trace:
[10-Apr-2018 15:03:12 PRC] PHP   1. {main}() /website/iot/centerserver/center.php:0
[10-Apr-2018 15:03:12 PRC] PHP   2. Swoole\Network\Server::start() /website/iot/centerserver/center.php:54
[10-Apr-2018 15:03:12 PRC] PHP   3. {closure:/website/iot/centerserver/center.php:13-54}() /website/iot/vendor/matyhtf/swoole_framework/libs/Swoole/Network/Server.php:195
[10-Apr-2018 15:03:12 PRC] PHP   4. Swoole\Network\Server->run() /website/iot/centerserver/center.php:53
[10-Apr-2018 15:03:12 PRC] PHP   5. Swoole\Server->start() /website/iot/vendor/matyhtf/swoole_framework/libs/Swoole/Network/Server.php:405
[10-Apr-2018 16:01:21 PRC] PHP Parse error:  syntax error, unexpected ')', expecting ']' in /website/iot/centerserver/App/Device.php on line 161
[10-Apr-2018 16:01:21 PRC] PHP Stack trace:
[10-Apr-2018 16:01:21 PRC] PHP   1. {main}() /website/iot/centerserver/center.php:0
[10-Apr-2018 16:01:21 PRC] PHP   2. Swoole\Network\Server::start() /website/iot/centerserver/center.php:54
[10-Apr-2018 16:01:21 PRC] PHP   3. {closure:/website/iot/centerserver/center.php:13-54}() /website/iot/vendor/matyhtf/swoole_framework/libs/Swoole/Network/Server.php:195
[10-Apr-2018 16:01:21 PRC] PHP   4. Swoole\Network\Server->run() /website/iot/centerserver/center.php:53
[10-Apr-2018 16:01:21 PRC] PHP   5. Swoole\Server->start() /website/iot/vendor/matyhtf/swoole_framework/libs/Swoole/Network/Server.php:405
[10-Apr-2018 16:01:31 PRC] PHP Parse error:  syntax error, unexpected ')', expecting ']' in /website/iot/centerserver/App/Device.php on line 161
[10-Apr-2018 16:01:31 PRC] PHP Stack trace:
[10-Apr-2018 16:01:31 PRC] PHP   1. {main}() /website/iot/centerserver/center.php:0
[10-Apr-2018 16:01:31 PRC] PHP   2. Swoole\Network\Server::start() /website/iot/centerserver/center.php:54
[10-Apr-2018 16:01:31 PRC] PHP   3. {closure:/website/iot/centerserver/center.php:13-54}() /website/iot/vendor/matyhtf/swoole_framework/libs/Swoole/Network/Server.php:195
[10-Apr-2018 16:01:31 PRC] PHP   4. Swoole\Network\Server->run() /website/iot/centerserver/center.php:53
[10-Apr-2018 16:01:31 PRC] PHP   5. Swoole\Server->start() /website/iot/vendor/matyhtf/swoole_framework/libs/Swoole/Network/Server.php:405
[10-Apr-2018 16:21:45 PRC] PHP Fatal error:  Uncaught PDOException: SQLSTATE[08004] [1040] Too many connections in /website/iot/thinkphp/library/think/db/Connection.php:527
Stack trace:
#0 /website/iot/thinkphp/library/think/db/Connection.php(527): PDO->__construct('mysql:host=127....', 'root', 'roadforhacker', Array)
#1 /website/iot/thinkphp/library/think/db/Connection.php(1965): think\db\Connection->connect()
#2 /website/iot/thinkphp/library/think/db/Connection.php(650): think\db\Connection->initConnect(false)
#3 /website/iot/thinkphp/library/think/db/Connection.php(861): think\db\Connection->query('SELECT * FROM `...', Array, false, false)
#4 /website/iot/thinkphp/library/think/db/Query.php(2747): think\db\Connection->find(Object(think\db\Query))
#5 /website/iot/centerserver/model/Device.php(27): think\db\Query->find()
#6 /website/iot/centerserver/Lib/Robot.php(146): model\Device::getOneDevice(Array)
#7 /website/iot/centerserver/Device/Device.php(8): Lib\Robot::register(13, '127.0.0.1')
#8 /website/iot/centerserver/Device/RequestCate.php(19): Device\ in /website/iot/thinkphp/library/think/db/Connection.php on line 527
[10-Apr-2018 16:21:45 PRC] PHP Stack trace:
[10-Apr-2018 16:21:45 PRC] PHP   1. {main}() /website/iot/centerserver/center.php:0
[10-Apr-2018 16:21:45 PRC] PHP   2. Swoole\Network\Server::start() /website/iot/centerserver/center.php:54
[10-Apr-2018 16:21:45 PRC] PHP   3. {closure:/website/iot/centerserver/center.php:13-54}() /website/iot/vendor/matyhtf/swoole_framework/libs/Swoole/Network/Server.php:195
[10-Apr-2018 16:21:45 PRC] PHP   4. Swoole\Network\Server->run() /website/iot/centerserver/center.php:53
[10-Apr-2018 16:21:45 PRC] PHP   5. Swoole\Server->start() /website/iot/vendor/matyhtf/swoole_framework/libs/Swoole/Network/Server.php:405
[10-Apr-2018 16:22:32 PRC] PHP Fatal error:  Uncaught PDOException: SQLSTATE[08004] [1040] Too many connections in /website/iot/thinkphp/library/think/db/Connection.php:527
Stack trace:
#0 /website/iot/thinkphp/library/think/db/Connection.php(527): PDO->__construct('mysql:host=127....', 'root', 'roadforhacker', Array)
#1 /website/iot/thinkphp/library/think/db/Connection.php(1965): think\db\Connection->connect()
#2 /website/iot/thinkphp/library/think/db/Connection.php(650): think\db\Connection->initConnect(false)
#3 /website/iot/thinkphp/library/think/db/Connection.php(861): think\db\Connection->query('SELECT * FROM `...', Array, false, false)
#4 /website/iot/thinkphp/library/think/db/Query.php(2747): think\db\Connection->find(Object(think\db\Query))
#5 /website/iot/centerserver/model/Device.php(27): think\db\Query->find()
#6 /website/iot/centerserver/Lib/Robot.php(146): model\Device::getOneDevice(Array)
#7 /website/iot/centerserver/Device/Device.php(8): Lib\Robot::register(14, '127.0.0.1')
#8 /website/iot/centerserver/Device/RequestCate.php(19): Device\ in /website/iot/thinkphp/library/think/db/Connection.php on line 527
[10-Apr-2018 16:22:32 PRC] PHP Stack trace:
[10-Apr-2018 16:22:32 PRC] PHP   1. {main}() /website/iot/centerserver/center.php:0
[10-Apr-2018 16:22:32 PRC] PHP   2. Swoole\Network\Server::start() /website/iot/centerserver/center.php:54
[10-Apr-2018 16:22:32 PRC] PHP   3. {closure:/website/iot/centerserver/center.php:13-54}() /website/iot/vendor/matyhtf/swoole_framework/libs/Swoole/Network/Server.php:195
[10-Apr-2018 16:22:32 PRC] PHP   4. Swoole\Network\Server->run() /website/iot/centerserver/center.php:53
[10-Apr-2018 16:22:32 PRC] PHP   5. Swoole\Server->start() /website/iot/vendor/matyhtf/swoole_framework/libs/Swoole/Network/Server.php:405
[10-Apr-2018 16:22:38 PRC] PHP Fatal error:  Uncaught PDOException: SQLSTATE[08004] [1040] Too many connections in /website/iot/thinkphp/library/think/db/Connection.php:527
Stack trace:
#0 /website/iot/thinkphp/library/think/db/Connection.php(527): PDO->__construct('mysql:host=127....', 'root', 'roadforhacker', Array)
#1 /website/iot/thinkphp/library/think/db/Connection.php(1965): think\db\Connection->connect()
#2 /website/iot/thinkphp/library/think/db/Connection.php(650): think\db\Connection->initConnect(false)
#3 /website/iot/thinkphp/library/think/db/Connection.php(861): think\db\Connection->query('SELECT * FROM `...', Array, false, false)
#4 /website/iot/thinkphp/library/think/db/Query.php(2747): think\db\Connection->find(Object(think\db\Query))
#5 /website/iot/centerserver/model/Device.php(27): think\db\Query->find()
#6 /website/iot/centerserver/Lib/Robot.php(146): model\Device::getOneDevice(Array)
#7 /website/iot/centerserver/Device/Device.php(8): Lib\Robot::register(15, '127.0.0.1')
#8 /website/iot/centerserver/Device/RequestCate.php(19): Device\ in /website/iot/thinkphp/library/think/db/Connection.php on line 527
[10-Apr-2018 16:22:38 PRC] PHP Stack trace:
[10-Apr-2018 16:22:38 PRC] PHP   1. {main}() /website/iot/centerserver/center.php:0
[10-Apr-2018 16:22:38 PRC] PHP   2. Swoole\Network\Server::start() /website/iot/centerserver/center.php:54
[10-Apr-2018 16:22:38 PRC] PHP   3. {closure:/website/iot/centerserver/center.php:13-54}() /website/iot/vendor/matyhtf/swoole_framework/libs/Swoole/Network/Server.php:195
[10-Apr-2018 16:22:38 PRC] PHP   4. Swoole\Network\Server->run() /website/iot/centerserver/center.php:53
[10-Apr-2018 16:22:38 PRC] PHP   5. Swoole\Server->start() /website/iot/vendor/matyhtf/swoole_framework/libs/Swoole/Network/Server.php:405
[10-Apr-2018 04:22:38 America/New_York] PHP Warning:  Error while sending STMT_CLOSE packet. PID=7868 in Unknown on line 0
[10-Apr-2018 04:22:38 America/New_York] PHP Stack trace:
[10-Apr-2018 04:22:38 America/New_York] PHP   1. {main}() /website/iot/centerserver/center.php:0
[10-Apr-2018 04:22:38 America/New_York] PHP   2. Swoole\Network\Server::start() /website/iot/centerserver/center.php:54
[10-Apr-2018 04:22:38 America/New_York] PHP   3. {closure:/website/iot/centerserver/center.php:13-54}() /website/iot/vendor/matyhtf/swoole_framework/libs/Swoole/Network/Server.php:195
[10-Apr-2018 04:22:38 America/New_York] PHP   4. Swoole\Network\Server->run() /website/iot/centerserver/center.php:53
[10-Apr-2018 04:22:38 America/New_York] PHP   5. Swoole\Server->start() /website/iot/vendor/matyhtf/swoole_framework/libs/Swoole/Network/Server.php:405
[10-Apr-2018 16:23:01 PRC] PHP Fatal error:  Uncaught PDOException: SQLSTATE[08004] [1040] Too many connections in /website/iot/thinkphp/library/think/db/Connection.php:527
Stack trace:
#0 /website/iot/thinkphp/library/think/db/Connection.php(527): PDO->__construct('mysql:host=127....', 'root', 'roadforhacker', Array)
#1 /website/iot/thinkphp/library/think/db/Connection.php(1965): think\db\Connection->connect()
#2 /website/iot/thinkphp/library/think/db/Connection.php(650): think\db\Connection->initConnect(false)
#3 /website/iot/thinkphp/library/think/db/Connection.php(861): think\db\Connection->query('SELECT * FROM `...', Array, false, false)
#4 /website/iot/thinkphp/library/think/db/Query.php(2747): think\db\Connection->find(Object(think\db\Query))
#5 /website/iot/centerserver/model/Device.php(27): think\db\Query->find()
#6 /website/iot/centerserver/Lib/Robot.php(146): model\Device::getOneDevice(Array)
#7 /website/iot/centerserver/Device/Device.php(8): Lib\Robot::register(16, '127.0.0.1')
#8 /website/iot/centerserver/Device/RequestCate.php(19): Device\ in /website/iot/thinkphp/library/think/db/Connection.php on line 527
[10-Apr-2018 16:23:01 PRC] PHP Stack trace:
[10-Apr-2018 16:23:01 PRC] PHP   1. {main}() /website/iot/centerserver/center.php:0
[10-Apr-2018 16:23:01 PRC] PHP   2. Swoole\Network\Server::start() /website/iot/centerserver/center.php:54
[10-Apr-2018 16:23:01 PRC] PHP   3. {closure:/website/iot/centerserver/center.php:13-54}() /website/iot/vendor/matyhtf/swoole_framework/libs/Swoole/Network/Server.php:195
[10-Apr-2018 16:23:01 PRC] PHP   4. Swoole\Network\Server->run() /website/iot/centerserver/center.php:53
[10-Apr-2018 16:23:01 PRC] PHP   5. Swoole\Server->start() /website/iot/vendor/matyhtf/swoole_framework/libs/Swoole/Network/Server.php:405
[10-Apr-2018 04:23:01 America/New_York] PHP Warning:  Error while sending STMT_CLOSE packet. PID=8015 in Unknown on line 0
[10-Apr-2018 04:23:01 America/New_York] PHP Stack trace:
[10-Apr-2018 04:23:01 America/New_York] PHP   1. {main}() /website/iot/centerserver/center.php:0
[10-Apr-2018 04:23:01 America/New_York] PHP   2. Swoole\Network\Server::start() /website/iot/centerserver/center.php:54
[10-Apr-2018 04:23:01 America/New_York] PHP   3. {closure:/website/iot/centerserver/center.php:13-54}() /website/iot/vendor/matyhtf/swoole_framework/libs/Swoole/Network/Server.php:195
[10-Apr-2018 04:23:01 America/New_York] PHP   4. Swoole\Network\Server->run() /website/iot/centerserver/center.php:53
[10-Apr-2018 04:23:01 America/New_York] PHP   5. Swoole\Server->start() /website/iot/vendor/matyhtf/swoole_framework/libs/Swoole/Network/Server.php:405
[10-Apr-2018 16:24:12 PRC] PHP Fatal error:  Uncaught PDOException: SQLSTATE[08004] [1040] Too many connections in /website/iot/thinkphp/library/think/db/Connection.php:527
Stack trace:
#0 /website/iot/thinkphp/library/think/db/Connection.php(527): PDO->__construct('mysql:host=127....', 'root', 'roadforhacker', Array)
#1 /website/iot/thinkphp/library/think/db/Connection.php(1965): think\db\Connection->connect()
#2 /website/iot/thinkphp/library/think/db/Connection.php(650): think\db\Connection->initConnect(false)
#3 /website/iot/thinkphp/library/think/db/Connection.php(861): think\db\Connection->query('SELECT * FROM `...', Array, false, false)
#4 /website/iot/thinkphp/library/think/db/Query.php(2747): think\db\Connection->find(Object(think\db\Query))
#5 /website/iot/centerserver/model/Device.php(27): think\db\Query->find()
#6 /website/iot/centerserver/Lib/Robot.php(146): model\Device::getOneDevice(Array)
#7 /website/iot/centerserver/Device/Device.php(8): Lib\Robot::register(17, '127.0.0.1')
#8 /website/iot/centerserver/Device/RequestCate.php(19): Device\ in /website/iot/thinkphp/library/think/db/Connection.php on line 527
[10-Apr-2018 16:24:12 PRC] PHP Stack trace:
[10-Apr-2018 16:24:12 PRC] PHP   1. {main}() /website/iot/centerserver/center.php:0
[10-Apr-2018 16:24:12 PRC] PHP   2. Swoole\Network\Server::start() /website/iot/centerserver/center.php:54
[10-Apr-2018 16:24:12 PRC] PHP   3. {closure:/website/iot/centerserver/center.php:13-54}() /website/iot/vendor/matyhtf/swoole_framework/libs/Swoole/Network/Server.php:195
[10-Apr-2018 16:24:12 PRC] PHP   4. Swoole\Network\Server->run() /website/iot/centerserver/center.php:53
[10-Apr-2018 16:24:12 PRC] PHP   5. Swoole\Server->start() /website/iot/vendor/matyhtf/swoole_framework/libs/Swoole/Network/Server.php:405
[10-Apr-2018 04:24:12 America/New_York] PHP Warning:  Error while sending STMT_CLOSE packet. PID=8164 in Unknown on line 0
[10-Apr-2018 04:24:12 America/New_York] PHP Stack trace:
[10-Apr-2018 04:24:12 America/New_York] PHP   1. {main}() /website/iot/centerserver/center.php:0
[10-Apr-2018 04:24:12 America/New_York] PHP   2. Swoole\Network\Server::start() /website/iot/centerserver/center.php:54
[10-Apr-2018 04:24:12 America/New_York] PHP   3. {closure:/website/iot/centerserver/center.php:13-54}() /website/iot/vendor/matyhtf/swoole_framework/libs/Swoole/Network/Server.php:195
[10-Apr-2018 04:24:12 America/New_York] PHP   4. Swoole\Network\Server->run() /website/iot/centerserver/center.php:53
[10-Apr-2018 04:24:12 America/New_York] PHP   5. Swoole\Server->start() /website/iot/vendor/matyhtf/swoole_framework/libs/Swoole/Network/Server.php:405
[10-Apr-2018 16:24:46 PRC] PHP Fatal error:  Uncaught PDOException: SQLSTATE[08004] [1040] Too many connections in /website/iot/thinkphp/library/think/db/Connection.php:527
Stack trace:
#0 /website/iot/thinkphp/library/think/db/Connection.php(527): PDO->__construct('mysql:host=127....', 'root', 'roadforhacker', Array)
#1 /website/iot/thinkphp/library/think/db/Connection.php(1965): think\db\Connection->connect()
#2 /website/iot/thinkphp/library/think/db/Connection.php(650): think\db\Connection->initConnect(false)
#3 /website/iot/thinkphp/library/think/db/Connection.php(861): think\db\Connection->query('SELECT * FROM `...', Array, false, false)
#4 /website/iot/thinkphp/library/think/db/Query.php(2747): think\db\Connection->find(Object(think\db\Query))
#5 /website/iot/centerserver/model/Device.php(27): think\db\Query->find()
#6 /website/iot/centerserver/Lib/Robot.php(146): model\Device::getOneDevice(Array)
#7 /website/iot/centerserver/Device/Device.php(8): Lib\Robot::register(18, '127.0.0.1')
#8 /website/iot/centerserver/Device/RequestCate.php(19): Device\ in /website/iot/thinkphp/library/think/db/Connection.php on line 527
[10-Apr-2018 16:24:46 PRC] PHP Stack trace:
[10-Apr-2018 16:24:46 PRC] PHP   1. {main}() /website/iot/centerserver/center.php:0
[10-Apr-2018 16:24:46 PRC] PHP   2. Swoole\Network\Server::start() /website/iot/centerserver/center.php:54
[10-Apr-2018 16:24:46 PRC] PHP   3. {closure:/website/iot/centerserver/center.php:13-54}() /website/iot/vendor/matyhtf/swoole_framework/libs/Swoole/Network/Server.php:195
[10-Apr-2018 16:24:46 PRC] PHP   4. Swoole\Network\Server->run() /website/iot/centerserver/center.php:53
[10-Apr-2018 16:24:46 PRC] PHP   5. Swoole\Server->start() /website/iot/vendor/matyhtf/swoole_framework/libs/Swoole/Network/Server.php:405
[10-Apr-2018 04:24:46 America/New_York] PHP Warning:  Error while sending STMT_CLOSE packet. PID=8315 in Unknown on line 0
[10-Apr-2018 04:24:46 America/New_York] PHP Stack trace:
[10-Apr-2018 04:24:46 America/New_York] PHP   1. {main}() /website/iot/centerserver/center.php:0
[10-Apr-2018 04:24:46 America/New_York] PHP   2. Swoole\Network\Server::start() /website/iot/centerserver/center.php:54
[10-Apr-2018 04:24:46 America/New_York] PHP   3. {closure:/website/iot/centerserver/center.php:13-54}() /website/iot/vendor/matyhtf/swoole_framework/libs/Swoole/Network/Server.php:195
[10-Apr-2018 04:24:46 America/New_York] PHP   4. Swoole\Network\Server->run() /website/iot/centerserver/center.php:53
[10-Apr-2018 04:24:46 America/New_York] PHP   5. Swoole\Server->start() /website/iot/vendor/matyhtf/swoole_framework/libs/Swoole/Network/Server.php:405
[10-Apr-2018 16:25:49 PRC] PHP Fatal error:  Uncaught PDOException: SQLSTATE[08004] [1040] Too many connections in /website/iot/thinkphp/library/think/db/Connection.php:527
Stack trace:
#0 /website/iot/thinkphp/library/think/db/Connection.php(527): PDO->__construct('mysql:host=127....', 'root', 'roadforhacker', Array)
#1 /website/iot/thinkphp/library/think/db/Connection.php(1965): think\db\Connection->connect()
#2 /website/iot/thinkphp/library/think/db/Connection.php(650): think\db\Connection->initConnect(false)
#3 /website/iot/thinkphp/library/think/db/Connection.php(861): think\db\Connection->query('SELECT * FROM `...', Array, false, false)
#4 /website/iot/thinkphp/library/think/db/Query.php(2747): think\db\Connection->find(Object(think\db\Query))
#5 /website/iot/centerserver/model/Device.php(27): think\db\Query->find()
#6 /website/iot/centerserver/Lib/Robot.php(146): model\Device::getOneDevice(Array)
#7 /website/iot/centerserver/Device/Device.php(8): Lib\Robot::register(19, '127.0.0.1')
#8 /website/iot/centerserver/Device/RequestCate.php(19): Device\ in /website/iot/thinkphp/library/think/db/Connection.php on line 527
[10-Apr-2018 16:25:49 PRC] PHP Stack trace:
[10-Apr-2018 16:25:49 PRC] PHP   1. {main}() /website/iot/centerserver/center.php:0
[10-Apr-2018 16:25:49 PRC] PHP   2. Swoole\Network\Server::start() /website/iot/centerserver/center.php:54
[10-Apr-2018 16:25:49 PRC] PHP   3. {closure:/website/iot/centerserver/center.php:13-54}() /website/iot/vendor/matyhtf/swoole_framework/libs/Swoole/Network/Server.php:195
[10-Apr-2018 16:25:49 PRC] PHP   4. Swoole\Network\Server->run() /website/iot/centerserver/center.php:53
[10-Apr-2018 16:25:49 PRC] PHP   5. Swoole\Server->start() /website/iot/vendor/matyhtf/swoole_framework/libs/Swoole/Network/Server.php:405
[10-Apr-2018 04:25:49 America/New_York] PHP Warning:  Error while sending STMT_CLOSE packet. PID=8468 in Unknown on line 0
[10-Apr-2018 04:25:49 America/New_York] PHP Stack trace:
[10-Apr-2018 04:25:49 America/New_York] PHP   1. {main}() /website/iot/centerserver/center.php:0
[10-Apr-2018 04:25:49 America/New_York] PHP   2. Swoole\Network\Server::start() /website/iot/centerserver/center.php:54
[10-Apr-2018 04:25:49 America/New_York] PHP   3. {closure:/website/iot/centerserver/center.php:13-54}() /website/iot/vendor/matyhtf/swoole_framework/libs/Swoole/Network/Server.php:195
[10-Apr-2018 04:25:49 America/New_York] PHP   4. Swoole\Network\Server->run() /website/iot/centerserver/center.php:53
[10-Apr-2018 04:25:49 America/New_York] PHP   5. Swoole\Server->start() /website/iot/vendor/matyhtf/swoole_framework/libs/Swoole/Network/Server.php:405
[10-Apr-2018 16:30:58 PRC] PHP Fatal error:  Uncaught Error: Call to protected method Lib\Client::close() from context 'Lib\Robot' in /website/iot/centerserver/Lib/Robot.php:76
Stack trace:
#0 /website/iot/centerserver/App/Device.php(186): Lib\Robot::stopAgent('9')
#1 [internal function]: App\Device::updateDevice('9')
#2 /website/iot/vendor/matyhtf/swoole_framework/libs/Swoole/Protocol/RPCServer.php(365): call_user_func_array('App\\Device::upd...', Array)
#3 /website/iot/centerserver/Lib/CenterServer.php(137): Swoole\Protocol\RPCServer->call(Array, Array)
#4 /website/iot/vendor/matyhtf/swoole_framework/libs/Swoole/Protocol/RPCServer.php(153): Lib\CenterServer->call(Array, Array)
#5 {main}
  thrown in /website/iot/centerserver/Lib/Robot.php on line 76
[10-Apr-2018 16:30:58 PRC] PHP Stack trace:
[10-Apr-2018 16:30:58 PRC] PHP   1. {main}() /website/iot/centerserver/center.php:0
[10-Apr-2018 16:30:58 PRC] PHP   2. Swoole\Network\Server::start() /website/iot/centerserver/center.php:54
[10-Apr-2018 16:30:58 PRC] PHP   3. {closure:/website/iot/centerserver/center.php:13-54}() /website/iot/vendor/matyhtf/swoole_framework/libs/Swoole/Network/Server.php:195
[10-Apr-2018 16:30:58 PRC] PHP   4. Swoole\Network\Server->run() /website/iot/centerserver/center.php:53
[10-Apr-2018 16:30:58 PRC] PHP   5. Swoole\Server->start() /website/iot/vendor/matyhtf/swoole_framework/libs/Swoole/Network/Server.php:405
[10-Apr-2018 16:31:09 PRC] PHP Fatal error:  Uncaught Error: Call to protected method Lib\Client::close() from context 'Lib\Robot' in /website/iot/centerserver/Lib/Robot.php:76
Stack trace:
#0 /website/iot/centerserver/App/Device.php(186): Lib\Robot::stopAgent('9')
#1 [internal function]: App\Device::updateDevice('9')
#2 /website/iot/vendor/matyhtf/swoole_framework/libs/Swoole/Protocol/RPCServer.php(365): call_user_func_array('App\\Device::upd...', Array)
#3 /website/iot/centerserver/Lib/CenterServer.php(137): Swoole\Protocol\RPCServer->call(Array, Array)
#4 /website/iot/vendor/matyhtf/swoole_framework/libs/Swoole/Protocol/RPCServer.php(153): Lib\CenterServer->call(Array, Array)
#5 {main}
  thrown in /website/iot/centerserver/Lib/Robot.php on line 76
[10-Apr-2018 16:31:09 PRC] PHP Stack trace:
[10-Apr-2018 16:31:09 PRC] PHP   1. {main}() /website/iot/centerserver/center.php:0
[10-Apr-2018 16:31:09 PRC] PHP   2. Swoole\Network\Server::start() /website/iot/centerserver/center.php:54
[10-Apr-2018 16:31:09 PRC] PHP   3. {closure:/website/iot/centerserver/center.php:13-54}() /website/iot/vendor/matyhtf/swoole_framework/libs/Swoole/Network/Server.php:195
[10-Apr-2018 16:31:09 PRC] PHP   4. Swoole\Network\Server->run() /website/iot/centerserver/center.php:53
[10-Apr-2018 16:31:09 PRC] PHP   5. Swoole\Server->start() /website/iot/vendor/matyhtf/swoole_framework/libs/Swoole/Network/Server.php:405
[10-Apr-2018 16:32:05 PRC] PHP Fatal error:  Uncaught Error: Using $this when not in object context in /website/iot/centerserver/Lib/Client.php:50
Stack trace:
#0 /website/iot/centerserver/Lib/Robot.php(76): Lib\Client::close()
#1 /website/iot/centerserver/App/Device.php(186): Lib\Robot::stopAgent('9')
#2 [internal function]: App\Device::updateDevice('9')
#3 /website/iot/vendor/matyhtf/swoole_framework/libs/Swoole/Protocol/RPCServer.php(365): call_user_func_array('App\\Device::upd...', Array)
#4 /website/iot/centerserver/Lib/CenterServer.php(137): Swoole\Protocol\RPCServer->call(Array, Array)
#5 /website/iot/vendor/matyhtf/swoole_framework/libs/Swoole/Protocol/RPCServer.php(153): Lib\CenterServer->call(Array, Array)
#6 {main}
  thrown in /website/iot/centerserver/Lib/Client.php on line 50
[10-Apr-2018 16:32:05 PRC] PHP Stack trace:
[10-Apr-2018 16:32:05 PRC] PHP   1. {main}() /website/iot/centerserver/center.php:0
[10-Apr-2018 16:32:05 PRC] PHP   2. Swoole\Network\Server::start() /website/iot/centerserver/center.php:54
[10-Apr-2018 16:32:05 PRC] PHP   3. {closure:/website/iot/centerserver/center.php:13-54}() /website/iot/vendor/matyhtf/swoole_framework/libs/Swoole/Network/Server.php:195
[10-Apr-2018 16:32:05 PRC] PHP   4. Swoole\Network\Server->run() /website/iot/centerserver/center.php:53
[10-Apr-2018 16:32:05 PRC] PHP   5. Swoole\Server->start() /website/iot/vendor/matyhtf/swoole_framework/libs/Swoole/Network/Server.php:405
[10-Apr-2018 16:42:59 PRC] PHP Fatal error:  Uncaught think\exception\ErrorException: SendToClient failed. code=1005 params=array (
  'call' => 'register',
  'params' => 
  array (
  ),
)
headers=array (
  'length' => 51,
  'type' => 1,
  'uid' => 0,
  'serid' => 702576159,
  'fd' => 1,
) in /website/iot/vendor/matyhtf/swoole_framework/libs/Swoole/Protocol/RPCServer.php:158
Stack trace:
#0 [internal function]: think\Error::appError(512, 'SendToClient fa...', '/website/iot/ve...', 158, Array)
#1 /website/iot/vendor/matyhtf/swoole_framework/libs/Swoole/Protocol/RPCServer.php(158): trigger_error('SendToClient fa...', 512)
#2 {main}
  thrown in /website/iot/vendor/matyhtf/swoole_framework/libs/Swoole/Protocol/RPCServer.php on line 158
[10-Apr-2018 16:42:59 PRC] PHP Stack trace:
[10-Apr-2018 16:42:59 PRC] PHP   1. {main}() /website/iot/centerserver/center.php:0
[10-Apr-2018 16:42:59 PRC] PHP   2. Swoole\Network\Server::start() /website/iot/centerserver/center.php:54
[10-Apr-2018 16:42:59 PRC] PHP   3. {closure:/website/iot/centerserver/center.php:13-54}() /website/iot/vendor/matyhtf/swoole_framework/libs/Swoole/Network/Server.php:195
[10-Apr-2018 16:42:59 PRC] PHP   4. Swoole\Network\Server->run() /website/iot/centerserver/center.php:53
[10-Apr-2018 16:42:59 PRC] PHP   5. Swoole\Server->start() /website/iot/vendor/matyhtf/swoole_framework/libs/Swoole/Network/Server.php:405
[10-Apr-2018 16:43:09 PRC] PHP Fatal error:  Uncaught think\exception\ErrorException: SendToClient failed. code=1005 params=array (
  'call' => 'register',
  'params' => 
  array (
  ),
)
headers=array (
  'length' => 51,
  'type' => 1,
  'uid' => 0,
  'serid' => 765602957,
  'fd' => 2,
) in /website/iot/vendor/matyhtf/swoole_framework/libs/Swoole/Protocol/RPCServer.php:158
Stack trace:
#0 [internal function]: think\Error::appError(512, 'SendToClient fa...', '/website/iot/ve...', 158, Array)
#1 /website/iot/vendor/matyhtf/swoole_framework/libs/Swoole/Protocol/RPCServer.php(158): trigger_error('SendToClient fa...', 512)
#2 {main}
  thrown in /website/iot/vendor/matyhtf/swoole_framework/libs/Swoole/Protocol/RPCServer.php on line 158
[10-Apr-2018 16:43:09 PRC] PHP Stack trace:
[10-Apr-2018 16:43:09 PRC] PHP   1. {main}() /website/iot/centerserver/center.php:0
[10-Apr-2018 16:43:09 PRC] PHP   2. Swoole\Network\Server::start() /website/iot/centerserver/center.php:54
[10-Apr-2018 16:43:09 PRC] PHP   3. {closure:/website/iot/centerserver/center.php:13-54}() /website/iot/vendor/matyhtf/swoole_framework/libs/Swoole/Network/Server.php:195
[10-Apr-2018 16:43:09 PRC] PHP   4. Swoole\Network\Server->run() /website/iot/centerserver/center.php:53
[10-Apr-2018 16:43:09 PRC] PHP   5. Swoole\Server->start() /website/iot/vendor/matyhtf/swoole_framework/libs/Swoole/Network/Server.php:405
[10-Apr-2018 16:43:19 PRC] PHP Fatal error:  Uncaught think\exception\ErrorException: SendToClient failed. code=1005 params=array (
  'call' => 'register',
  'params' => 
  array (
  ),
)
headers=array (
  'length' => 51,
  'type' => 1,
  'uid' => 0,
  'serid' => 813416697,
  'fd' => 4,
) in /website/iot/vendor/matyhtf/swoole_framework/libs/Swoole/Protocol/RPCServer.php:158
Stack trace:
#0 [internal function]: think\Error::appError(512, 'SendToClient fa...', '/website/iot/ve...', 158, Array)
#1 /website/iot/vendor/matyhtf/swoole_framework/libs/Swoole/Protocol/RPCServer.php(158): trigger_error('SendToClient fa...', 512)
#2 {main}
  thrown in /website/iot/vendor/matyhtf/swoole_framework/libs/Swoole/Protocol/RPCServer.php on line 158
[10-Apr-2018 16:43:19 PRC] PHP Stack trace:
[10-Apr-2018 16:43:19 PRC] PHP   1. {main}() /website/iot/centerserver/center.php:0
[10-Apr-2018 16:43:19 PRC] PHP   2. Swoole\Network\Server::start() /website/iot/centerserver/center.php:54
[10-Apr-2018 16:43:19 PRC] PHP   3. {closure:/website/iot/centerserver/center.php:13-54}() /website/iot/vendor/matyhtf/swoole_framework/libs/Swoole/Network/Server.php:195
[10-Apr-2018 16:43:19 PRC] PHP   4. Swoole\Network\Server->run() /website/iot/centerserver/center.php:53
[10-Apr-2018 16:43:19 PRC] PHP   5. Swoole\Server->start() /website/iot/vendor/matyhtf/swoole_framework/libs/Swoole/Network/Server.php:405
[10-Apr-2018 04:43:19 America/New_York] PHP Warning:  Error while sending STMT_CLOSE packet. PID=9479 in Unknown on line 0
[10-Apr-2018 04:43:19 America/New_York] PHP Stack trace:
[10-Apr-2018 04:43:19 America/New_York] PHP   1. {main}() /website/iot/centerserver/center.php:0
[10-Apr-2018 04:43:19 America/New_York] PHP   2. Swoole\Network\Server::start() /website/iot/centerserver/center.php:54
[10-Apr-2018 04:43:19 America/New_York] PHP   3. {closure:/website/iot/centerserver/center.php:13-54}() /website/iot/vendor/matyhtf/swoole_framework/libs/Swoole/Network/Server.php:195
[10-Apr-2018 04:43:19 America/New_York] PHP   4. Swoole\Network\Server->run() /website/iot/centerserver/center.php:53
[10-Apr-2018 04:43:19 America/New_York] PHP   5. Swoole\Server->start() /website/iot/vendor/matyhtf/swoole_framework/libs/Swoole/Network/Server.php:405
[10-Apr-2018 16:43:29 PRC] PHP Fatal error:  Uncaught think\exception\ErrorException: SendToClient failed. code=1005 params=array (
  'call' => 'register',
  'params' => 
  array (
  ),
)
headers=array (
  'length' => 51,
  'type' => 1,
  'uid' => 0,
  'serid' => 872030691,
  'fd' => 6,
) in /website/iot/vendor/matyhtf/swoole_framework/libs/Swoole/Protocol/RPCServer.php:158
Stack trace:
#0 [internal function]: think\Error::appError(512, 'SendToClient fa...', '/website/iot/ve...', 158, Array)
#1 /website/iot/vendor/matyhtf/swoole_framework/libs/Swoole/Protocol/RPCServer.php(158): trigger_error('SendToClient fa...', 512)
#2 {main}
  thrown in /website/iot/vendor/matyhtf/swoole_framework/libs/Swoole/Protocol/RPCServer.php on line 158
[10-Apr-2018 16:43:29 PRC] PHP Stack trace:
[10-Apr-2018 16:43:29 PRC] PHP   1. {main}() /website/iot/centerserver/center.php:0
[10-Apr-2018 16:43:29 PRC] PHP   2. Swoole\Network\Server::start() /website/iot/centerserver/center.php:54
[10-Apr-2018 16:43:29 PRC] PHP   3. {closure:/website/iot/centerserver/center.php:13-54}() /website/iot/vendor/matyhtf/swoole_framework/libs/Swoole/Network/Server.php:195
[10-Apr-2018 16:43:29 PRC] PHP   4. Swoole\Network\Server->run() /website/iot/centerserver/center.php:53
[10-Apr-2018 16:43:29 PRC] PHP   5. Swoole\Server->start() /website/iot/vendor/matyhtf/swoole_framework/libs/Swoole/Network/Server.php:405
[10-Apr-2018 04:43:29 America/New_York] PHP Warning:  Error while sending STMT_CLOSE packet. PID=9490 in Unknown on line 0
[10-Apr-2018 04:43:29 America/New_York] PHP Stack trace:
[10-Apr-2018 04:43:29 America/New_York] PHP   1. {main}() /website/iot/centerserver/center.php:0
[10-Apr-2018 04:43:29 America/New_York] PHP   2. Swoole\Network\Server::start() /website/iot/centerserver/center.php:54
[10-Apr-2018 04:43:29 America/New_York] PHP   3. {closure:/website/iot/centerserver/center.php:13-54}() /website/iot/vendor/matyhtf/swoole_framework/libs/Swoole/Network/Server.php:195
[10-Apr-2018 04:43:29 America/New_York] PHP   4. Swoole\Network\Server->run() /website/iot/centerserver/center.php:53
[10-Apr-2018 04:43:29 America/New_York] PHP   5. Swoole\Server->start() /website/iot/vendor/matyhtf/swoole_framework/libs/Swoole/Network/Server.php:405
